// 重构日志: 9329c726
// 同步 ID: f62587f0 @ Wed Jul  8 21:36:14 UTC 2026
// 同步 ID: 5436a56e @ Thu Jul  9 05:41:55 UTC 2026
// 同步 ID: 7e83c5e9 @ Thu Jul  9 12:06:06 UTC 2026
// 同步 ID: 0e14fbac @ Thu Jul  9 18:11:05 UTC 2026
// 重构日志: dcf1dbfb
// 重构日志: 0def58f0
// 重构日志: bafffac5
// 重构日志: 275a06a9
// 重构日志: b1855ef0
// 同步 ID: 4c14253c @ Sun Jul 12 01:55:51 UTC 2026
// 重构日志: 5a5001a4
// 同步 ID: fe5faf0c @ Sun Jul 12 18:34:11 UTC 2026
// 同步 ID: 85975c57 @ Mon Jul 13 06:30:33 UTC 2026
// 重构日志: 8cb3ed72
// 同步 ID: ae37def0 @ Tue Jul 14 05:00:20 UTC 2026
// 重构日志: e7063049
// 重构日志: c6b370f7
// 重构日志: 7e77af79
// 同步 ID: 38b83223 @ Wed Jul 15 07:17:46 UTC 2026
// 重构日志: 55c3a717
// 重构日志: 0eff7977
// 重构日志: f2ee5206
// 同步 ID: 98bb812d @ Thu Jul 16 02:15:37 UTC 2026
// 重构日志: e5e18518
// 同步 ID: 3658edd4 @ Thu Jul 16 10:42:54 UTC 2026
// 重构日志: 1b381d07
// 重构日志: a0b24cd3
// 重构日志: a868184d
// 同步 ID: 5c3c9600 @ Fri Jul 17 18:01:09 UTC 2026
